# Logfile created on 2014-10-18 10:50:17 -0300 by logger.rb/31641
I, [2014-10-18T10:50:17.456340 #30785]  INFO -- : 0:  hashie (2.1.2) from /Users/globo/.rvm/gems/ruby-1.9.3-p484/specifications/hashie-2.1.2.gemspec
I, [2014-10-18T10:50:24.091696 #30785]  INFO -- : 0:  json (1.8.1) from /Users/globo/.rvm/gems/ruby-1.9.3-p484/specifications/json-1.8.1.gemspec
I, [2014-10-18T10:50:24.872753 #30785]  INFO -- : 0:  mixlib-log (1.6.0) from /Users/globo/.rvm/gems/ruby-1.9.3-p484/specifications/mixlib-log-1.6.0.gemspec
I, [2014-10-18T10:50:26.072171 #30785]  INFO -- : 0:  rack (1.5.2) from /Users/globo/.rvm/gems/ruby-1.9.3-p484/specifications/rack-1.5.2.gemspec
I, [2014-10-18T10:50:26.700267 #30785]  INFO -- : 0:  chef-zero (2.2) from /Users/globo/.rvm/gems/ruby-1.9.3-p484/specifications/chef-zero-2.2.gemspec
I, [2014-10-18T10:50:27.426314 #30785]  INFO -- : 0:  diff-lcs (1.2.5) from /Users/globo/.rvm/gems/ruby-1.9.3-p484/specifications/diff-lcs-1.2.5.gemspec
I, [2014-10-18T10:50:28.709801 #30785]  INFO -- : 0:  erubis (2.7.0) from /Users/globo/.rvm/gems/ruby-1.9.3-p484/specifications/erubis-2.7.0.gemspec
I, [2014-10-18T10:50:39.336548 #30785]  INFO -- : 0:  ffi (1.9.6) from /Users/globo/.rvm/gems/ruby-1.9.3-p484/specifications/ffi-1.9.6.gemspec
I, [2014-10-18T10:50:41.601142 #30785]  INFO -- : 0:  libyajl2 (1.1.0) from /Users/globo/.rvm/gems/ruby-1.9.3-p484/specifications/libyajl2-1.1.0.gemspec
I, [2014-10-18T10:50:44.609478 #30785]  INFO -- : 0:  ffi-yajl (1.2.0) from /Users/globo/.rvm/gems/ruby-1.9.3-p484/specifications/ffi-yajl-1.2.0.gemspec
I, [2014-10-18T10:50:45.921462 #30785]  INFO -- : 0:  highline (1.6.21) from /Users/globo/.rvm/gems/ruby-1.9.3-p484/specifications/highline-1.6.21.gemspec
I, [2014-10-18T10:50:46.693615 #30785]  INFO -- : 0:  mime-types (1.25.1) from /Users/globo/.rvm/gems/ruby-1.9.3-p484/specifications/mime-types-1.25.1.gemspec
I, [2014-10-18T10:50:47.355566 #30785]  INFO -- : 0:  mixlib-authentication (1.3.0) from /Users/globo/.rvm/gems/ruby-1.9.3-p484/specifications/mixlib-authentication-1.3.0.gemspec
I, [2014-10-18T10:50:47.991241 #30785]  INFO -- : 0:  mixlib-cli (1.5.0) from /Users/globo/.rvm/gems/ruby-1.9.3-p484/specifications/mixlib-cli-1.5.0.gemspec
I, [2014-10-18T10:50:48.760436 #30785]  INFO -- : 0:  mixlib-config (2.1.0) from /Users/globo/.rvm/gems/ruby-1.9.3-p484/specifications/mixlib-config-2.1.0.gemspec
I, [2014-10-18T10:50:49.454098 #30785]  INFO -- : 0:  mixlib-shellout (1.6.0) from /Users/globo/.rvm/gems/ruby-1.9.3-p484/specifications/mixlib-shellout-1.6.0.gemspec
I, [2014-10-18T10:50:50.496711 #30785]  INFO -- : 0:  net-ssh (2.9.1) from /Users/globo/.rvm/gems/ruby-1.9.3-p484/specifications/net-ssh-2.9.1.gemspec
I, [2014-10-18T10:50:50.497283 #30785]  INFO -- : 0:  net-ssh-gateway (1.2.0) from /Users/globo/.rvm/gems/ruby-1.9.3-p484/specifications/net-ssh-gateway-1.2.0.gemspec
I, [2014-10-18T10:50:51.251392 #30785]  INFO -- : 0:  net-ssh-multi (1.2.0) from /Users/globo/.rvm/gems/ruby-1.9.3-p484/specifications/net-ssh-multi-1.2.0.gemspec
I, [2014-10-18T10:50:52.185561 #30785]  INFO -- : 0:  ipaddress (0.8.0) from /Users/globo/.rvm/gems/ruby-1.9.3-p484/specifications/ipaddress-0.8.0.gemspec
I, [2014-10-18T10:50:53.876005 #30785]  INFO -- : 0:  systemu (2.6.4) from /Users/globo/.rvm/gems/ruby-1.9.3-p484/specifications/systemu-2.6.4.gemspec
I, [2014-10-18T10:50:54.579618 #30785]  INFO -- : 0:  wmi-lite (1.0.0) from /Users/globo/.rvm/gems/ruby-1.9.3-p484/specifications/wmi-lite-1.0.0.gemspec
I, [2014-10-18T10:50:56.252483 #30785]  INFO -- : 0:  ohai (7.4.0) from /Users/globo/.rvm/gems/ruby-1.9.3-p484/specifications/ohai-7.4.0.gemspec
I, [2014-10-18T10:50:56.853688 #30785]  INFO -- : 0:  plist (3.1.0) from /Users/globo/.rvm/gems/ruby-1.9.3-p484/specifications/plist-3.1.0.gemspec
I, [2014-10-18T10:50:57.555671 #30785]  INFO -- : 0:  coderay (1.1.0) from /Users/globo/.rvm/gems/ruby-1.9.3-p484/specifications/coderay-1.1.0.gemspec
I, [2014-10-18T10:50:58.067703 #30785]  INFO -- : 0:  method_source (0.8.2) from /Users/globo/.rvm/gems/ruby-1.9.3-p484/specifications/method_source-0.8.2.gemspec
I, [2014-10-18T10:50:58.735667 #30785]  INFO -- : 0:  slop (3.6.0) from /Users/globo/.rvm/gems/ruby-1.9.3-p484/specifications/slop-3.6.0.gemspec
I, [2014-10-18T10:50:59.557492 #30785]  INFO -- : 0:  pry (0.10.1) from /Users/globo/.rvm/gems/ruby-1.9.3-p484/specifications/pry-0.10.1.gemspec
I, [2014-10-18T10:51:00.227693 #30785]  INFO -- : 0:  rest-client (1.6.7) from /Users/globo/.rvm/gems/ruby-1.9.3-p484/specifications/rest-client-1.6.7.gemspec
I, [2014-10-18T10:51:04.560532 #30785]  INFO -- : 0:  chef (11.16.4) from /Users/globo/.rvm/gems/ruby-1.9.3-p484/specifications/chef-11.16.4.gemspec
I, [2014-10-18T10:51:04.561100 #30785]  INFO -- : 0:  bundler (1.5.1) from /Users/globo/.rvm/gems/ruby-1.9.3-p484@global/specifications/bundler-1.5.1.gemspec
